c:\users\rhkdd\source\repos\ch4_linklist\debug\vc142.pdb
c:\users\rhkdd\source\repos\ch4_linklist\debug\vc142.idb
c:\users\rhkdd\source\repos\ch4_linklist\debug\linkedread.obj
c:\users\rhkdd\source\repos\ch4_linklist\debug\comp.obj
c:\users\rhkdd\source\repos\ch4_linklist\debug\my_dlinkedlist.obj
c:\users\rhkdd\source\repos\ch4_linklist\debug\dlinkedlistmain.obj
c:\users\rhkdd\source\repos\ch4_linklist\debug\pointlistmain.obj
c:\users\rhkdd\source\repos\ch4_linklist\debug\point.obj
c:\users\hyeonjin\desktop\local_repos\repos\ch4_linklist\debug\vc143.pdb
c:\users\hyeonjin\desktop\local_repos\repos\ch4_linklist\debug\vc143.idb
c:\users\hyeonjin\desktop\local_repos\repos\ch4_linklist\debug\pointlistmain.obj
c:\users\hyeonjin\desktop\local_repos\repos\ch4_linklist\debug\point.obj
c:\users\hyeonjin\desktop\local_repos\repos\ch4_linklist\debug\my_dlinkedlist.obj
c:\users\rhkdd\source\repos\ch4_linklist\debug\ch4_linklist.ilk
c:\users\rhkdd\source\repos\ch4_linklist\debug\ch4_linklist.exe
c:\users\rhkdd\source\repos\ch4_linklist\debug\ch4_linklist.pdb
c:\users\hyeonjin\desktop\local_repos\repos\ch4_linklist\debug\ch4_linklist.ilk
c:\users\hyeonjin\desktop\local_repos\repos\data_structure\debug\ch4_linklist.exe
c:\users\hyeonjin\desktop\local_repos\repos\data_structure\debug\ch4_linklist.pdb
c:\users\hyeonjin\desktop\local_repos\repos\ch4_linklist\debug\comp.obj
c:\users\hyeonjin\desktop\local_repos\repos\ch4_linklist\debug\dlinkedlistmain.obj
c:\users\hyeonjin\desktop\local_repos\repos\ch4_linklist\debug\linkedread.obj
c:\users\hyeonjin\desktop\local_repos\repos\ch4_linklist\debug\linkedread.obj.enc
c:\users\hyeonjin\desktop\local_repos\repos\ch4_linklist\debug\my_dlinkedlist.obj.enc
c:\users\hyeonjin\desktop\local_repos\repos\ch4_linklist\debug\vc142.idb
c:\users\hyeonjin\desktop\local_repos\repos\ch4_linklist\debug\ch4_linklist.pdb
c:\users\hyeonjin\desktop\local_repos\repos\ch4_linklist\debug\vc142.pdb
c:\users\hyeonjin\desktop\local_repos\repos\ch4_linklist\debug\ch4_linklist.tlog\cl.command.1.tlog
c:\users\hyeonjin\desktop\local_repos\repos\ch4_linklist\debug\ch4_linklist.tlog\cl.items.tlog
c:\users\hyeonjin\desktop\local_repos\repos\ch4_linklist\debug\ch4_linklist.tlog\cl.read.1.tlog
c:\users\hyeonjin\desktop\local_repos\repos\ch4_linklist\debug\ch4_linklist.tlog\cl.write.1.tlog
c:\users\hyeonjin\desktop\local_repos\repos\ch4_linklist\debug\ch4_linklist.tlog\link.command.1.tlog
c:\users\hyeonjin\desktop\local_repos\repos\ch4_linklist\debug\ch4_linklist.tlog\link.read.1.tlog
c:\users\hyeonjin\desktop\local_repos\repos\ch4_linklist\debug\ch4_linklist.tlog\link.write.1.tlog
